{"/Users/axelsadat/Desktop/code/xstate-store/src/index.ts": {"path":"/Users/axelsadat/Desktop/code/xstate-store/src/index.ts","statementMap":{"0":{"start":{"line":1,"column":0},"end":{"line":1,"column":32}},"1":{"start":{"line":2,"column":0},"end":{"line":2,"column":44}},"2":{"start":{"line":19,"column":25},"end":{"line":19,"column":27}},"3":{"start":{"line":24,"column":2},"end":{"line":24,"column":null}},"4":{"start":{"line":26,"column":2},"end":{"line":28,"column":null}},"5":{"start":{"line":27,"column":4},"end":{"line":27,"column":null}},"6":{"start":{"line":29,"column":18},"end":{"line":29,"column":55}},"7":{"start":{"line":30,"column":19},"end":{"line":30,"column":51}},"8":{"start":{"line":31,"column":2},"end":{"line":31,"column":null}},"9":{"start":{"line":33,"column":2},"end":{"line":33,"column":null}},"10":{"start":{"line":34,"column":2},"end":{"line":34,"column":null}},"11":{"start":{"line":95,"column":2},"end":{"line":95,"column":16}},"12":{"start":{"line":37,"column":21},"end":{"line":44,"column":1}},"13":{"start":{"line":38,"column":2},"end":{"line":42,"column":null}},"14":{"start":{"line":39,"column":4},"end":{"line":39,"column":null}},"15":{"start":{"line":41,"column":4},"end":{"line":41,"column":null}},"16":{"start":{"line":43,"column":2},"end":{"line":43,"column":null}},"17":{"start":{"line":96,"column":2},"end":{"line":96,"column":14}},"18":{"start":{"line":47,"column":2},"end":{"line":49,"column":null}},"19":{"start":{"line":48,"column":4},"end":{"line":48,"column":null}},"20":{"start":{"line":50,"column":2},"end":{"line":50,"column":null}},"21":{"start":{"line":97,"column":2},"end":{"line":97,"column":16}},"22":{"start":{"line":57,"column":2},"end":{"line":59,"column":null}},"23":{"start":{"line":58,"column":4},"end":{"line":58,"column":null}},"24":{"start":{"line":61,"column":2},"end":{"line":61,"column":null}},"25":{"start":{"line":98,"column":2},"end":{"line":98,"column":13}},"26":{"start":{"line":65,"column":2},"end":{"line":67,"column":null}},"27":{"start":{"line":66,"column":4},"end":{"line":66,"column":null}},"28":{"start":{"line":69,"column":18},"end":{"line":71,"column":null}},"29":{"start":{"line":71,"column":81},"end":{"line":71,"column":null}},"30":{"start":{"line":74,"column":2},"end":{"line":76,"column":null}},"31":{"start":{"line":75,"column":4},"end":{"line":75,"column":null}},"32":{"start":{"line":78,"column":23},"end":{"line":78,"column":75}},"33":{"start":{"line":79,"column":17},"end":{"line":79,"column":19}},"34":{"start":{"line":80,"column":2},"end":{"line":89,"column":null}},"35":{"start":{"line":81,"column":4},"end":{"line":88,"column":null}},"36":{"start":{"line":83,"column":6},"end":{"line":85,"column":null}},"37":{"start":{"line":87,"column":6},"end":{"line":87,"column":null}},"38":{"start":{"line":91,"column":2},"end":{"line":91,"column":null}},"39":{"start":{"line":99,"column":2},"end":{"line":99,"column":20}}},"fnMap":{"0":{"name":"createInstance","decl":{"start":{"line":21,"column":9},"end":{"line":21,"column":23}},"loc":{"start":{"line":24,"column":163},"end":{"line":35,"column":1}}},"1":{"name":"(anonymous_3)","decl":{"start":{"line":37,"column":21},"end":{"line":37,"column":22}},"loc":{"start":{"line":37,"column":40},"end":{"line":44,"column":1}}},"2":{"name":"sendToInstance","decl":{"start":{"line":46,"column":9},"end":{"line":46,"column":23}},"loc":{"start":{"line":46,"column":72},"end":{"line":51,"column":1}}},"3":{"name":"useInstance","decl":{"start":{"line":53,"column":9},"end":{"line":53,"column":20}},"loc":{"start":{"line":55,"column":66},"end":{"line":62,"column":1}}},"4":{"name":"useDataFromContext","decl":{"start":{"line":64,"column":9},"end":{"line":64,"column":27}},"loc":{"start":{"line":64,"column":93},"end":{"line":92,"column":1}}},"5":{"name":"(anonymous_7)","decl":{"start":{"line":71,"column":4},"end":{"line":71,"column":5}},"loc":{"start":{"line":71,"column":71},"end":{"line":71,"column":86}}},"6":{"name":"(anonymous_8)","decl":{"start":{"line":80,"column":23},"end":{"line":80,"column":24}},"loc":{"start":{"line":80,"column":27},"end":{"line":89,"column":3}}}},"branchMap":{"0":{"loc":{"start":{"line":24,"column":2},"end":{"line":24,"column":null}},"type":"if","locations":[{"start":{"line":24,"column":2},"end":{"line":24,"column":null}}]},"1":{"loc":{"start":{"line":26,"column":2},"end":{"line":28,"column":null}},"type":"if","locations":[{"start":{"line":26,"column":2},"end":{"line":28,"column":null}}]},"2":{"loc":{"start":{"line":38,"column":2},"end":{"line":42,"column":null}},"type":"if","locations":[{"start":{"line":38,"column":2},"end":{"line":42,"column":null}},{"start":{"line":40,"column":9},"end":{"line":42,"column":null}}]},"3":{"loc":{"start":{"line":47,"column":2},"end":{"line":49,"column":null}},"type":"if","locations":[{"start":{"line":47,"column":2},"end":{"line":49,"column":null}}]},"4":{"loc":{"start":{"line":57,"column":2},"end":{"line":59,"column":null}},"type":"if","locations":[{"start":{"line":57,"column":2},"end":{"line":59,"column":null}}]},"5":{"loc":{"start":{"line":65,"column":2},"end":{"line":67,"column":null}},"type":"if","locations":[{"start":{"line":65,"column":2},"end":{"line":67,"column":null}}]},"6":{"loc":{"start":{"line":74,"column":2},"end":{"line":76,"column":null}},"type":"if","locations":[{"start":{"line":74,"column":2},"end":{"line":76,"column":null}}]},"7":{"loc":{"start":{"line":74,"column":6},"end":{"line":74,"column":40}},"type":"binary-expr","locations":[{"start":{"line":74,"column":6},"end":{"line":74,"column":15}},{"start":{"line":74,"column":19},"end":{"line":74,"column":40}}]},"8":{"loc":{"start":{"line":78,"column":23},"end":{"line":78,"column":75}},"type":"cond-expr","locations":[{"start":{"line":78,"column":48},"end":{"line":78,"column":63}},{"start":{"line":78,"column":65},"end":{"line":78,"column":75}}]},"9":{"loc":{"start":{"line":81,"column":4},"end":{"line":88,"column":null}},"type":"if","locations":[{"start":{"line":81,"column":4},"end":{"line":88,"column":null}},{"start":{"line":86,"column":11},"end":{"line":88,"column":null}}]},"10":{"loc":{"start":{"line":81,"column":8},"end":{"line":81,"column":94}},"type":"binary-expr","locations":[{"start":{"line":81,"column":8},"end":{"line":81,"column":21}},{"start":{"line":81,"column":25},"end":{"line":81,"column":46}},{"start":{"line":81,"column":50},"end":{"line":81,"column":68}},{"start":{"line":81,"column":72},"end":{"line":81,"column":94}}]}},"s":{"0":5,"1":5,"2":5,"3":11,"4":11,"5":1,"6":10,"7":10,"8":10,"9":10,"10":10,"11":5,"12":5,"13":6,"14":5,"15":1,"16":5,"17":5,"18":3,"19":2,"20":1,"21":5,"22":10,"23":1,"24":9,"25":5,"26":5,"27":1,"28":4,"29":4,"30":4,"31":2,"32":2,"33":2,"34":2,"35":3,"36":1,"37":2,"38":2,"39":5},"f":{"0":11,"1":6,"2":3,"3":10,"4":5,"5":4,"6":3},"b":{"0":[0],"1":[1],"2":[5,1],"3":[2],"4":[1],"5":[1],"6":[2],"7":[4,2],"8":[1,1],"9":[1,2],"10":[3,2,2,1]}}
}
