TN:
SF:src/index.ts
FN:21,createInstance
FN:37,(anonymous_3)
FN:46,sendToInstance
FN:53,useInstance
FN:64,useDataFromContext
FN:71,(anonymous_7)
FN:80,(anonymous_8)
FNF:7
FNH:7
FNDA:11,createInstance
FNDA:6,(anonymous_3)
FNDA:3,sendToInstance
FNDA:10,useInstance
FNDA:5,useDataFromContext
FNDA:4,(anonymous_7)
FNDA:3,(anonymous_8)
DA:1,5
DA:2,5
DA:19,5
DA:24,11
DA:26,11
DA:27,1
DA:29,10
DA:30,10
DA:31,10
DA:33,10
DA:34,10
DA:37,5
DA:38,6
DA:39,5
DA:41,1
DA:43,5
DA:47,3
DA:48,2
DA:50,1
DA:57,10
DA:58,1
DA:61,9
DA:65,5
DA:66,1
DA:69,4
DA:71,4
DA:74,4
DA:75,2
DA:78,2
DA:79,2
DA:80,2
DA:81,3
DA:83,1
DA:87,2
DA:91,2
DA:95,5
DA:96,5
DA:97,5
DA:98,5
DA:99,5
LF:40
LH:40
BRDA:24,0,0,0
BRDA:26,1,0,1
BRDA:38,2,0,5
BRDA:38,2,1,1
BRDA:47,3,0,2
BRDA:57,4,0,1
BRDA:65,5,0,1
BRDA:74,6,0,2
BRDA:74,7,0,4
BRDA:74,7,1,2
BRDA:78,8,0,1
BRDA:78,8,1,1
BRDA:81,9,0,1
BRDA:81,9,1,2
BRDA:81,10,0,3
BRDA:81,10,1,2
BRDA:81,10,2,2
BRDA:81,10,3,1
BRF:18
BRH:17
end_of_record
